<?xml version="1.0" encoding="UTF-8"?>
<!-- Generated by org.testng.reporters.JUnitXMLReporter -->
<testsuite hostname="ATMECSINLT-085" ignored="6" name="Test Search Item and validate" tests="3" failures="2" timestamp="21 Oct 2019 15:22:25 GMT" time="28.251" errors="0">
  <testcase name="verifyKonaKart" time="14.8" classname="com.atmecs.complexautomation.testscripts.TestVerifyKonakart"/>
  <testcase name="verifyRedbus" time="0.0" classname="com.atmecs.complexautomation.testscripts.TestVerifyRedbus">
    <failure type="java.lang.NullPointerException">
      <![CDATA[java.lang.NullPointerException
at com.atmecs.complexautomation.testscripts.TestVerifyRedbus.verifyRedbus(TestVerifyRedbus.java:25)
at java.util.concurrent.FutureTask.run(Unknown Source)
at java.util.concurrent.ThreadPoolExecutor.runWorker(Unknown Source)
at java.util.concurrent.ThreadPoolExecutor$Worker.run(Unknown Source)
at java.lang.Thread.run(Unknown Source)
... Removed 16 stack frames]]>
    </failure>
  </testcase> <!-- verifyRedbus -->
  <testcase name="verifyYatra" time="0.0" classname="com.atmecs.complexautomation.testscripts.TestVerifyYatra">
    <failure type="java.lang.NullPointerException">
      <![CDATA[java.lang.NullPointerException
at com.atmecs.complexautomation.testscripts.TestVerifyYatra.verifyYatra(TestVerifyYatra.java:23)
at java.util.concurrent.FutureTask.run(Unknown Source)
at java.util.concurrent.ThreadPoolExecutor.runWorker(Unknown Source)
at java.util.concurrent.ThreadPoolExecutor$Worker.run(Unknown Source)
at java.lang.Thread.run(Unknown Source)
... Removed 16 stack frames]]>
    </failure>
  </testcase> <!-- verifyYatra -->
  <testcase name="@BeforeTest baseSetup" time="0.0" classname="com.atmecs.complexautomation.testbase.TestBase">
    <ignored/>
  </testcase> <!-- @BeforeTest baseSetup -->
  <testcase name="@BeforeTest baseSetup" time="0.0" classname="com.atmecs.complexautomation.testbase.TestBase">
    <ignored/>
  </testcase> <!-- @BeforeTest baseSetup -->
  <testcase name="@AfterSuite endReport" time="0.0" classname="com.atmecs.complexautomation.extentreport.Extent">
    <ignored/>
  </testcase> <!-- @AfterSuite endReport -->
  <testcase name="@AfterSuite endReport" time="0.0" classname="com.atmecs.complexautomation.extentreport.Extent">
    <ignored/>
  </testcase> <!-- @AfterSuite endReport -->
  <testcase name="@BeforeSuite startReport" time="0.0" classname="com.atmecs.complexautomation.extentreport.Extent">
    <ignored/>
  </testcase> <!-- @BeforeSuite startReport -->
  <testcase name="@BeforeSuite startReport" time="0.0" classname="com.atmecs.complexautomation.extentreport.Extent">
    <ignored/>
  </testcase> <!-- @BeforeSuite startReport -->
</testsuite> <!-- Test Search Item and validate -->
