<?xml version="1.0" encoding="UTF-8"?>
<testng-results skipped="0" failed="0" ignored="0" total="1" passed="1">
  <reporter-output>
  </reporter-output>
  <suite name="Default suite" duration-ms="29997" started-at="2019-10-21T15:21:56Z" finished-at="2019-10-21T15:22:26Z">
    <groups>
    </groups>
    <test name="Default test" duration-ms="29997" started-at="2019-10-21T15:21:56Z" finished-at="2019-10-21T15:22:26Z">
      <class name="com.atmecs.complexautomation.testscripts.RunTestNG">
        <test-method status="PASS" signature="runTestFile()[pri:0, instance:com.atmecs.complexautomation.testscripts.RunTestNG@14acaea5]" name="runTestFile" duration-ms="29945" started-at="2019-10-21T15:21:56Z" finished-at="2019-10-21T15:22:26Z">
          <reporter-output>
          </reporter-output>
        </test-method> <!-- runTestFile -->
      </class> <!-- com.atmecs.complexautomation.testscripts.RunTestNG -->
    </test> <!-- Default test -->
  </suite> <!-- Default suite -->
</testng-results>
